
*** Running vivado
    with args -log control_sub_pcie_reset_inv_0.vds -m64 -product Vivado -mode batch -messageDb vivado.pb -notrace -source control_sub_pcie_reset_inv_0.tcl


****** Vivado v2018.2 (64-bit)
  **** SW Build 2258646 on Thu Jun 14 20:02:38 MDT 2018
  **** IP Build 2256618 on Thu Jun 14 22:10:49 MDT 2018
    ** Copyright 1986-2018 Xilinx, Inc. All Rights Reserved.

source control_sub_pcie_reset_inv_0.tcl -notrace
create_project: Time (s): cpu = 00:00:06 ; elapsed = 00:00:13 . Memory (MB): peak = 1235.465 ; gain = 59.016 ; free physical = 24904 ; free virtual = 29760
Command: synth_design -top control_sub_pcie_reset_inv_0 -part xc7vx690tffg1761-3 -mode out_of_context
Starting synth_design
Attempting to get a license for feature 'Synthesis' and/or device 'xc7vx690t'
INFO: [Common 17-349] Got license for feature 'Synthesis' and/or device 'xc7vx690t'
INFO: [Common 17-1540] The version limit for your license is '2020.06' and has expired for new software. A version limit expiration means that, although you may be able to continue to use the current version of tools or IP with this license, you will not be eligible for any updates or new releases.
INFO: Launching helper process for spawning children vivado processes
INFO: Helper process launched with PID 20642 
---------------------------------------------------------------------------------
Starting RTL Elaboration : Time (s): cpu = 00:00:06 ; elapsed = 00:00:16 . Memory (MB): peak = 1395.758 ; gain = 87.000 ; free physical = 24742 ; free virtual = 29598
---------------------------------------------------------------------------------
INFO: [Synth 8-6157] synthesizing module 'control_sub_pcie_reset_inv_0' [/home/netfpga/projects/P4-NetFPGA/contrib-projects/sume-sdnet-switch/projects/srv6Project/simple_sume_switch/hw/project/simple_sume_switch.srcs/sources_1/bd/control_sub/ip/control_sub_pcie_reset_inv_0/synth/control_sub_pcie_reset_inv_0.v:57]
INFO: [Synth 8-6157] synthesizing module 'util_vector_logic_v2_0_1_util_vector_logic' [/home/netfpga/projects/P4-NetFPGA/contrib-projects/sume-sdnet-switch/projects/srv6Project/simple_sume_switch/hw/project/simple_sume_switch.srcs/sources_1/bd/control_sub/ipshared/2137/hdl/util_vector_logic_v2_0_vl_rfs.v:45]
	Parameter C_OPERATION bound to: not - type: string 
	Parameter C_SIZE bound to: 1 - type: integer 
INFO: [Synth 8-6155] done synthesizing module 'util_vector_logic_v2_0_1_util_vector_logic' (1#1) [/home/netfpga/projects/P4-NetFPGA/contrib-projects/sume-sdnet-switch/projects/srv6Project/simple_sume_switch/hw/project/simple_sume_switch.srcs/sources_1/bd/control_sub/ipshared/2137/hdl/util_vector_logic_v2_0_vl_rfs.v:45]
INFO: [Synth 8-6155] done synthesizing module 'control_sub_pcie_reset_inv_0' (2#1) [/home/netfpga/projects/P4-NetFPGA/contrib-projects/sume-sdnet-switch/projects/srv6Project/simple_sume_switch/hw/project/simple_sume_switch.srcs/sources_1/bd/control_sub/ip/control_sub_pcie_reset_inv_0/synth/control_sub_pcie_reset_inv_0.v:57]
WARNING: [Synth 8-3331] design util_vector_logic_v2_0_1_util_vector_logic has unconnected port Op2[0]
---------------------------------------------------------------------------------
Finished RTL Elaboration : Time (s): cpu = 00:00:09 ; elapsed = 00:00:22 . Memory (MB): peak = 1440.383 ; gain = 131.625 ; free physical = 24755 ; free virtual = 29611
---------------------------------------------------------------------------------

Report Check Netlist: 
+------+------------------+-------+---------+-------+------------------+
|      |Item              |Errors |Warnings |Status |Description       |
+------+------------------+-------+---------+-------+------------------+
|1     |multi_driven_nets |      0|        0|Passed |Multi driven nets |
+------+------------------+-------+---------+-------+------------------+
---------------------------------------------------------------------------------
Start Handling Custom Attributes
---------------------------------------------------------------------------------
---------------------------------------------------------------------------------
Finished Handling Custom Attributes : Time (s): cpu = 00:00:09 ; elapsed = 00:00:24 . Memory (MB): peak = 1440.383 ; gain = 131.625 ; free physical = 24753 ; free virtual = 29610
---------------------------------------------------------------------------------
---------------------------------------------------------------------------------
Finished RTL Optimization Phase 1 : Time (s): cpu = 00:00:09 ; elapsed = 00:00:24 . Memory (MB): peak = 1440.383 ; gain = 131.625 ; free physical = 24753 ; free virtual = 29610
---------------------------------------------------------------------------------
INFO: [Device 21-403] Loading part xc7vx690tffg1761-3
INFO: [Project 1-570] Preparing netlist for logic optimization

Processing XDC Constraints
Initializing timing engine
Completed Processing XDC Constraints

INFO: [Project 1-111] Unisim Transformation Summary:
No Unisim elements were transformed.

WARNING: [Constraints 18-5210] No constraint will be written out.
Constraint Validation Runtime : Time (s): cpu = 00:00:00.29 ; elapsed = 00:00:00.78 . Memory (MB): peak = 1886.039 ; gain = 1.000 ; free physical = 24330 ; free virtual = 29186
---------------------------------------------------------------------------------
Finished Constraint Validation : Time (s): cpu = 00:01:53 ; elapsed = 00:09:49 . Memory (MB): peak = 1886.039 ; gain = 577.281 ; free physical = 24405 ; free virtual = 29262
---------------------------------------------------------------------------------
---------------------------------------------------------------------------------
Start Loading Part and Timing Information
---------------------------------------------------------------------------------
Loading part: xc7vx690tffg1761-3
---------------------------------------------------------------------------------
Finished Loading Part and Timing Information : Time (s): cpu = 00:01:53 ; elapsed = 00:09:49 . Memory (MB): peak = 1886.039 ; gain = 577.281 ; free physical = 24405 ; free virtual = 29262
---------------------------------------------------------------------------------
---------------------------------------------------------------------------------
Start Applying 'set_property' XDC Constraints
---------------------------------------------------------------------------------
---------------------------------------------------------------------------------
Finished applying 'set_property' XDC Constraints : Time (s): cpu = 00:01:53 ; elapsed = 00:09:49 . Memory (MB): peak = 1886.039 ; gain = 577.281 ; free physical = 24407 ; free virtual = 29264
---------------------------------------------------------------------------------
---------------------------------------------------------------------------------
Finished RTL Optimization Phase 2 : Time (s): cpu = 00:01:54 ; elapsed = 00:09:50 . Memory (MB): peak = 1886.039 ; gain = 577.281 ; free physical = 24408 ; free virtual = 29265
---------------------------------------------------------------------------------

Report RTL Partitions: 
+-+--------------+------------+----------+
| |RTL Partition |Replication |Instances |
+-+--------------+------------+----------+
+-+--------------+------------+----------+
---------------------------------------------------------------------------------
Start RTL Component Statistics 
---------------------------------------------------------------------------------
Detailed RTL Component Info : 
---------------------------------------------------------------------------------
Finished RTL Component Statistics 
---------------------------------------------------------------------------------
---------------------------------------------------------------------------------
Start RTL Hierarchical Component Statistics 
---------------------------------------------------------------------------------
Hierarchical RTL Component report 
---------------------------------------------------------------------------------
Finished RTL Hierarchical Component Statistics
---------------------------------------------------------------------------------
---------------------------------------------------------------------------------
Start Part Resource Summary
---------------------------------------------------------------------------------
Part Resources:
DSPs: 3600 (col length:200)
BRAMs: 2940 (col length: RAMB18 200 RAMB36 100)
---------------------------------------------------------------------------------
Finished Part Resource Summary
---------------------------------------------------------------------------------
---------------------------------------------------------------------------------
Start Cross Boundary and Area Optimization
---------------------------------------------------------------------------------
Warning: Parallel synthesis criteria is not met 
---------------------------------------------------------------------------------
Finished Cross Boundary and Area Optimization : Time (s): cpu = 00:01:54 ; elapsed = 00:09:51 . Memory (MB): peak = 1886.039 ; gain = 577.281 ; free physical = 24400 ; free virtual = 29258
---------------------------------------------------------------------------------

Report RTL Partitions: 
+-+--------------+------------+----------+
| |RTL Partition |Replication |Instances |
+-+--------------+------------+----------+
+-+--------------+------------+----------+
---------------------------------------------------------------------------------
Start Applying XDC Timing Constraints
---------------------------------------------------------------------------------
---------------------------------------------------------------------------------
Finished Applying XDC Timing Constraints : Time (s): cpu = 00:02:16 ; elapsed = 00:10:53 . Memory (MB): peak = 1893.023 ; gain = 584.266 ; free physical = 24276 ; free virtual = 29135
---------------------------------------------------------------------------------
---------------------------------------------------------------------------------
Start Timing Optimization
---------------------------------------------------------------------------------
---------------------------------------------------------------------------------
Finished Timing Optimization : Time (s): cpu = 00:02:16 ; elapsed = 00:10:53 . Memory (MB): peak = 1893.023 ; gain = 584.266 ; free physical = 24276 ; free virtual = 29135
---------------------------------------------------------------------------------

Report RTL Partitions: 
+-+--------------+------------+----------+
| |RTL Partition |Replication |Instances |
+-+--------------+------------+----------+
+-+--------------+------------+----------+
---------------------------------------------------------------------------------
Start Technology Mapping
---------------------------------------------------------------------------------
---------------------------------------------------------------------------------
Finished Technology Mapping : Time (s): cpu = 00:02:16 ; elapsed = 00:10:53 . Memory (MB): peak = 1893.023 ; gain = 584.266 ; free physical = 24276 ; free virtual = 29135
---------------------------------------------------------------------------------

Report RTL Partitions: 
+-+--------------+------------+----------+
| |RTL Partition |Replication |Instances |
+-+--------------+------------+----------+
+-+--------------+------------+----------+
---------------------------------------------------------------------------------
Start IO Insertion
---------------------------------------------------------------------------------
---------------------------------------------------------------------------------
Start Flattening Before IO Insertion
---------------------------------------------------------------------------------
---------------------------------------------------------------------------------
Finished Flattening Before IO Insertion
---------------------------------------------------------------------------------
---------------------------------------------------------------------------------
Start Final Netlist Cleanup
---------------------------------------------------------------------------------
---------------------------------------------------------------------------------
Finished Final Netlist Cleanup
---------------------------------------------------------------------------------
---------------------------------------------------------------------------------
Finished IO Insertion : Time (s): cpu = 00:02:18 ; elapsed = 00:10:57 . Memory (MB): peak = 1893.023 ; gain = 584.266 ; free physical = 24276 ; free virtual = 29134
---------------------------------------------------------------------------------

Report Check Netlist: 
+------+------------------+-------+---------+-------+------------------+
|      |Item              |Errors |Warnings |Status |Description       |
+------+------------------+-------+---------+-------+------------------+
|1     |multi_driven_nets |      0|        0|Passed |Multi driven nets |
+------+------------------+-------+---------+-------+------------------+
---------------------------------------------------------------------------------
Start Renaming Generated Instances
---------------------------------------------------------------------------------
---------------------------------------------------------------------------------
Finished Renaming Generated Instances : Time (s): cpu = 00:02:18 ; elapsed = 00:10:57 . Memory (MB): peak = 1893.023 ; gain = 584.266 ; free physical = 24276 ; free virtual = 29134
---------------------------------------------------------------------------------

Report RTL Partitions: 
+-+--------------+------------+----------+
| |RTL Partition |Replication |Instances |
+-+--------------+------------+----------+
+-+--------------+------------+----------+
---------------------------------------------------------------------------------
Start Rebuilding User Hierarchy
---------------------------------------------------------------------------------
---------------------------------------------------------------------------------
Finished Rebuilding User Hierarchy : Time (s): cpu = 00:02:18 ; elapsed = 00:10:57 . Memory (MB): peak = 1893.023 ; gain = 584.266 ; free physical = 24276 ; free virtual = 29134
---------------------------------------------------------------------------------
---------------------------------------------------------------------------------
Start Renaming Generated Ports
---------------------------------------------------------------------------------
---------------------------------------------------------------------------------
Finished Renaming Generated Ports : Time (s): cpu = 00:02:18 ; elapsed = 00:10:57 . Memory (MB): peak = 1893.023 ; gain = 584.266 ; free physical = 24276 ; free virtual = 29134
---------------------------------------------------------------------------------
---------------------------------------------------------------------------------
Start Handling Custom Attributes
---------------------------------------------------------------------------------
---------------------------------------------------------------------------------
Finished Handling Custom Attributes : Time (s): cpu = 00:02:18 ; elapsed = 00:10:57 . Memory (MB): peak = 1893.023 ; gain = 584.266 ; free physical = 24276 ; free virtual = 29134
---------------------------------------------------------------------------------
---------------------------------------------------------------------------------
Start Renaming Generated Nets
---------------------------------------------------------------------------------
---------------------------------------------------------------------------------
Finished Renaming Generated Nets : Time (s): cpu = 00:02:18 ; elapsed = 00:10:57 . Memory (MB): peak = 1893.023 ; gain = 584.266 ; free physical = 24276 ; free virtual = 29134
---------------------------------------------------------------------------------
---------------------------------------------------------------------------------
Start Writing Synthesis Report
---------------------------------------------------------------------------------

Report BlackBoxes: 
+-+--------------+----------+
| |BlackBox name |Instances |
+-+--------------+----------+
+-+--------------+----------+

Report Cell Usage: 
+------+-----+------+
|      |Cell |Count |
+------+-----+------+
|1     |LUT1 |     1|
+------+-----+------+

Report Instance Areas: 
+------+---------+-------+------+
|      |Instance |Module |Cells |
+------+---------+-------+------+
|1     |top      |       |     1|
+------+---------+-------+------+
---------------------------------------------------------------------------------
Finished Writing Synthesis Report : Time (s): cpu = 00:02:18 ; elapsed = 00:10:57 . Memory (MB): peak = 1893.023 ; gain = 584.266 ; free physical = 24276 ; free virtual = 29134
---------------------------------------------------------------------------------
Synthesis finished with 0 errors, 0 critical warnings and 0 warnings.
Synthesis Optimization Runtime : Time (s): cpu = 00:00:41 ; elapsed = 00:01:48 . Memory (MB): peak = 1893.023 ; gain = 138.609 ; free physical = 24331 ; free virtual = 29189
Synthesis Optimization Complete : Time (s): cpu = 00:02:19 ; elapsed = 00:10:58 . Memory (MB): peak = 1893.031 ; gain = 584.266 ; free physical = 24331 ; free virtual = 29190
INFO: [Project 1-571] Translating synthesized netlist
INFO: [Project 1-570] Preparing netlist for logic optimization
INFO: [Opt 31-138] Pushed 0 inverter(s) to 0 load pin(s).
INFO: [Project 1-111] Unisim Transformation Summary:
No Unisim elements were transformed.

INFO: [Common 17-83] Releasing license: Synthesis
14 Infos, 2 Warnings, 0 Critical Warnings and 0 Errors encountered.
synth_design completed successfully
synth_design: Time (s): cpu = 00:02:26 ; elapsed = 00:11:07 . Memory (MB): peak = 1922.023 ; gain = 632.723 ; free physical = 24307 ; free virtual = 29165
WARNING: [Constraints 18-5210] No constraint will be written out.
INFO: [Common 17-1381] The checkpoint '/home/netfpga/projects/P4-NetFPGA/contrib-projects/sume-sdnet-switch/projects/srv6Project/simple_sume_switch/hw/project/simple_sume_switch.runs/control_sub_pcie_reset_inv_0_synth_1/control_sub_pcie_reset_inv_0.dcp' has been generated.
write_checkpoint: Time (s): cpu = 00:00:03 ; elapsed = 00:00:05 . Memory (MB): peak = 1922.023 ; gain = 0.000 ; free physical = 24306 ; free virtual = 29165
INFO: [Coretcl 2-1482] Added synthesis output to IP cache for IP /home/netfpga/projects/P4-NetFPGA/contrib-projects/sume-sdnet-switch/projects/srv6Project/simple_sume_switch/hw/project/simple_sume_switch.srcs/sources_1/bd/control_sub/ip/control_sub_pcie_reset_inv_0/control_sub_pcie_reset_inv_0.xci
WARNING: [Constraints 18-5210] No constraint will be written out.
INFO: [Common 17-1381] The checkpoint '/home/netfpga/projects/P4-NetFPGA/contrib-projects/sume-sdnet-switch/projects/srv6Project/simple_sume_switch/hw/project/simple_sume_switch.runs/control_sub_pcie_reset_inv_0_synth_1/control_sub_pcie_reset_inv_0.dcp' has been generated.
write_checkpoint: Time (s): cpu = 00:00:03 ; elapsed = 00:00:05 . Memory (MB): peak = 1926.023 ; gain = 0.000 ; free physical = 24306 ; free virtual = 29164
INFO: [runtcl-4] Executing : report_utilization -file control_sub_pcie_reset_inv_0_utilization_synth.rpt -pb control_sub_pcie_reset_inv_0_utilization_synth.pb
report_utilization: Time (s): cpu = 00:00:03 ; elapsed = 00:00:06 . Memory (MB): peak = 1926.023 ; gain = 0.000 ; free physical = 24305 ; free virtual = 29164
report_utilization: Time (s): cpu = 00:00:03 ; elapsed = 00:00:06 . Memory (MB): peak = 1926.023 ; gain = 0.000 ; free physical = 24305 ; free virtual = 29164
INFO: [Common 17-206] Exiting Vivado at Thu Nov  5 17:48:28 2020...
