Vivado Simulator 2018.2
Copyright 1986-1999, 2001-2018 Xilinx, Inc. All Rights Reserved.
Running: /home/netfpga/opt/Vivado/2018.2/bin/unwrapped/lnx64.o/xelab -L work --debug all -sv_lib dpi.so SimpleSumeSwitch_tb glbl 
Multi-threading is on. Using 6 slave threads.
Starting static elaboration
Completed static elaboration
Starting simulation data flow analysis
Completed simulation data flow analysis
Time Resolution for simulation is 1ps
Compiling module work.S_RESETTER_line
Compiling module work.S_RESETTER_lookup
Compiling module work.S_RESETTER_control
Compiling module work.MyParser_t_EngineStage_0_ErrorCh...
Compiling module work.MyParser_t_EngineStage_0_Extract...
Compiling module work.MyParser_t_start_compute_hdr_eth...
Compiling module work.MyParser_t_start_compute_hdr_eth...
Compiling module work.MyParser_t_start_compute_hdr_eth...
Compiling module work.MyParser_t_start_compute_hdr_eth...
Compiling module work.MyParser_t_start_compute_MyParse...
Compiling module work.MyParser_t_start_compute_user_me...
Compiling module work.MyParser_t_start_compute_digest_...
Compiling module work.MyParser_t_start_compute_control...
Compiling module work.MyParser_t_start_compute_control...
Compiling module work.MyParser_t_start
Compiling module work.MyParser_t_reject_compute_contro...
Compiling module work.MyParser_t_reject_compute_contro...
Compiling module work.MyParser_t_reject
Compiling module work.MyParser_t_EngineStage_0_TupleFo...
Compiling module work.MyParser_t_EngineStage_0
Compiling module work.MyParser_t_EngineStage_1_ErrorCh...
Compiling module work.MyParser_t_accept_compute_contro...
Compiling module work.MyParser_t_accept_compute_contro...
Compiling module work.MyParser_t_accept
Compiling module work.MyParser_t_EngineStage_1
Compiling module work.MyParser_t_Engine
Compiling module work.MyParser_t
Compiling module work.MyIngress_lvl_t_setup_compute_ma...
Compiling module work.MyIngress_lvl_t_setup_compute_co...
Compiling module work.MyIngress_lvl_t_setup_compute_co...
Compiling module work.MyIngress_lvl_t_setup
Compiling module work.MyIngress_lvl_t_EngineStage_0
Compiling module work.MyIngress_lvl_t_Engine
Compiling module work.MyIngress_lvl_t
Compiling module work.mac_exact_t_Hash_Lookup
Compiling module work.xpm_memory_base(MEMORY_SIZE=992,...
Compiling module work.xpm_memory_tdpram(MEMORY_SIZE=99...
Compiling module work.mac_exact_t_RamR1RW1
Compiling module work.mac_exact_t_Cam
Compiling module work.mac_exact_t_Lookup
Compiling module work.mac_exact_t_Hash_Update
Compiling module work.mac_exact_t_Randmod4_Rnd
Compiling module work.mac_exact_t_Randmod4
Compiling module work.mac_exact_t_Randmod5_Rnd
Compiling module work.mac_exact_t_Randmod5
Compiling module work.mac_exact_t_Update
Compiling module work.mac_exact_t_IntTop
Compiling module work.mac_exact_t_Wrap
Compiling module work.mac_exact_t_csr
Compiling module work.mac_exact_t
Compiling module work.MyIngress_lvl_0_t_mac_exact_sec_...
Compiling module work.MyIngress_lvl_0_t_mac_exact_sec_...
Compiling module work.MyIngress_lvl_0_t_mac_exact_sec
Compiling module work.MyIngress_lvl_0_t_EngineStage_0
Compiling module work.MyIngress_lvl_0_t_NoAction_0_sec...
Compiling module work.MyIngress_lvl_0_t_NoAction_0_sec...
Compiling module work.MyIngress_lvl_0_t_NoAction_0_sec
Compiling module work.MyIngress_lvl_0_t_mac_forward_0_...
Compiling module work.MyIngress_lvl_0_t_mac_forward_0_...
Compiling module work.MyIngress_lvl_0_t_mac_forward_0_...
Compiling module work.MyIngress_lvl_0_t_mac_forward_0_...
Compiling module work.MyIngress_lvl_0_t_EngineStage_1
Compiling module work.MyIngress_lvl_0_t_sink_compute_c...
Compiling module work.MyIngress_lvl_0_t_sink_compute_c...
Compiling module work.MyIngress_lvl_0_t_sink
Compiling module work.MyIngress_lvl_0_t_EngineStage_2
Compiling module work.MyIngress_lvl_0_t_Engine
Compiling module work.MyIngress_lvl_0_t
Compiling module work.MyDeparser_t_EngineStage_0_Error...
Compiling module work.MyDeparser_t_extract_headers_sec...
Compiling module work.MyDeparser_t_extract_headers_sec...
Compiling module work.MyDeparser_t_extract_headers_sec...
Compiling module work.MyDeparser_t_extract_headers_sec
Compiling module work.MyDeparser_t_EngineStage_0_Edito...
Compiling module work.MyDeparser_t_EngineStage_0_Edito...
Compiling module work.MyDeparser_t_EngineStage_0_Edito...
Compiling module work.MyDeparser_t_EngineStage_0_Edito...
Compiling module work.MyDeparser_t_EngineStage_0_Edito...
Compiling module work.MyDeparser_t_EngineStage_0_Edito...
Compiling module work.MyDeparser_t_EngineStage_0_Edito...
Compiling module work.MyDeparser_t_EngineStage_0_Edito...
Compiling module work.MyDeparser_t_EngineStage_0_Edito...
Compiling module work.MyDeparser_t_EngineStage_0_Edito...
Compiling module work.MyDeparser_t_EngineStage_0_Edito...
Compiling module work.MyDeparser_t_EngineStage_0_Edito...
Compiling module work.MyDeparser_t_EngineStage_0_Edito...
Compiling module work.MyDeparser_t_EngineStage_0_Edito...
Compiling module work.MyDeparser_t_EngineStage_0_Edito...
Compiling module work.MyDeparser_t_EngineStage_0_Edito...
Compiling module work.MyDeparser_t_EngineStage_0_Edito...
Compiling module work.MyDeparser_t_EngineStage_0_Edito...
Compiling module work.MyDeparser_t_EngineStage_0_Edito...
Compiling module work.MyDeparser_t_EngineStage_0_Edito...
Compiling module work.MyDeparser_t_EngineStage_0_Edito...
Compiling module work.MyDeparser_t_EngineStage_0_Edito...
Compiling module work.MyDeparser_t_EngineStage_0_Edito...
Compiling module work.MyDeparser_t_EngineStage_0
Compiling module work.MyDeparser_t_EngineStage_1_Error...
Compiling module work.MyDeparser_t_act_sec_compute_con...
Compiling module work.MyDeparser_t_act_sec_compute_con...
Compiling module work.MyDeparser_t_act_sec
Compiling module work.MyDeparser_t_EngineStage_1
Compiling module work.MyDeparser_t_EngineStage_2_Error...
Compiling module work.MyDeparser_t_emit_0_compute_cont...
Compiling module work.MyDeparser_t_emit_0_compute__STR...
Compiling module work.MyDeparser_t_emit_0_compute__STR...
Compiling module work.MyDeparser_t_emit_0_compute__STR...
Compiling module work.MyDeparser_t_emit_0_compute_cont...
Compiling module work.MyDeparser_t_emit_0_compute_cont...
Compiling module work.MyDeparser_t_emit_0
Compiling module work.MyDeparser_t_EngineStage_2_Edito...
Compiling module work.MyDeparser_t_EngineStage_2_Edito...
Compiling module work.MyDeparser_t_EngineStage_2_Edito...
Compiling module work.MyDeparser_t_EngineStage_2_Edito...
Compiling module work.MyDeparser_t_EngineStage_2_Edito...
Compiling module work.MyDeparser_t_EngineStage_2_Edito...
Compiling module work.MyDeparser_t_EngineStage_2_Edito...
Compiling module work.MyDeparser_t_EngineStage_2_Edito...
Compiling module work.MyDeparser_t_EngineStage_2_Edito...
Compiling module work.MyDeparser_t_EngineStage_2_Edito...
Compiling module work.MyDeparser_t_EngineStage_2_Edito...
Compiling module work.MyDeparser_t_EngineStage_2_Edito...
Compiling module work.MyDeparser_t_EngineStage_2_Edito...
Compiling module work.MyDeparser_t_EngineStage_2_Edito...
Compiling module work.MyDeparser_t_EngineStage_2_Edito...
Compiling module work.MyDeparser_t_EngineStage_2_Edito...
Compiling module work.MyDeparser_t_EngineStage_2_Edito...
Compiling module work.MyDeparser_t_EngineStage_2_Edito...
Compiling module work.MyDeparser_t_EngineStage_2_Edito...
Compiling module work.MyDeparser_t_EngineStage_2_Edito...
Compiling module work.MyDeparser_t_EngineStage_2_Edito...
Compiling module work.MyDeparser_t_EngineStage_2_Edito...
Compiling module work.MyDeparser_t_EngineStage_2_Edito...
Compiling module work.MyDeparser_t_EngineStage_2_Edito...
Compiling module work.MyDeparser_t_EngineStage_2_Edito...
Compiling module work.MyDeparser_t_EngineStage_2_Edito...
Compiling module work.MyDeparser_t_EngineStage_2
Compiling module work.MyDeparser_t_Engine
Compiling module work.MyDeparser_t
Compiling module work.xpm_cdc_sync_rst(DEST_SYNC_FF=2,...
Compiling module work.xpm_fifo_rst(COMMON_CLOCK=0)
Compiling module work.xpm_fifo_reg_bit
Compiling module work.xpm_counter_updn(COUNTER_WIDTH=9...
Compiling module work.xpm_counter_updn(COUNTER_WIDTH=8...
Compiling module work.xpm_counter_updn(COUNTER_WIDTH=8...
Compiling module work.xpm_memory_base(MEMORY_TYPE=1,ME...
Compiling module work.xpm_cdc_gray(DEST_SYNC_FF=2,INIT...
Compiling module work.xpm_fifo_reg_vec(REG_WIDTH=8)
Compiling module work.xpm_cdc_gray(DEST_SYNC_FF=2,INIT...
Compiling module work.xpm_fifo_reg_vec(REG_WIDTH=9)
Compiling module work.xpm_fifo_base(COMMON_CLOCK=0,FIF...
Compiling module work.xpm_fifo_async(FIFO_MEMORY_TYPE=...
Compiling module work.S_BRIDGER_for_mac_exact_tuple_in...
Compiling module work.S_PROTOCOL_ADAPTER_INGRESS
Compiling module work.S_PROTOCOL_ADAPTER_EGRESS
Compiling module work.xpm_fifo_rst_default
Compiling module work.xpm_counter_updn(COUNTER_WIDTH=1...
Compiling module work.xpm_counter_updn(COUNTER_WIDTH=9...
Compiling module work.xpm_counter_updn(COUNTER_WIDTH=9...
Compiling module work.xpm_memory_base(MEMORY_TYPE=1,ME...
Compiling module work.xpm_fifo_base(FIFO_MEMORY_TYPE=2...
Compiling module work.xpm_fifo_sync(FIFO_MEMORY_TYPE="...
Compiling module work.xpm_memory_base(MEMORY_TYPE=1,ME...
Compiling module work.xpm_counter_updn(COUNTER_WIDTH=2...
Compiling module work.xpm_fifo_base(FIFO_MEMORY_TYPE=1...
Compiling module work.xpm_fifo_sync(FIFO_MEMORY_TYPE="...
Compiling module work.xpm_memory_base(MEMORY_TYPE=1,ME...
Compiling module work.xpm_fifo_base(COMMON_CLOCK=0,FIF...
Compiling module work.xpm_fifo_async(FIFO_MEMORY_TYPE=...
Compiling module work.xpm_memory_base(MEMORY_TYPE=1,ME...
Compiling module work.xpm_fifo_base(COMMON_CLOCK=0,FIF...
Compiling module work.xpm_fifo_async(FIFO_MEMORY_TYPE=...
Compiling module work.S_SYNCER_for_MyParser
Compiling module work.xpm_fifo_base(FIFO_MEMORY_TYPE=2...
Compiling module work.xpm_fifo_sync(FIFO_MEMORY_TYPE="...
Compiling module work.xpm_fifo_base(FIFO_MEMORY_TYPE=1...
Compiling module work.xpm_fifo_sync(FIFO_MEMORY_TYPE="...
Compiling module work.xpm_memory_base(MEMORY_TYPE=1,ME...
Compiling module work.xpm_fifo_base(COMMON_CLOCK=0,FIF...
Compiling module work.xpm_fifo_async(FIFO_MEMORY_TYPE=...
Compiling module work.xpm_memory_base(MEMORY_TYPE=1,ME...
Compiling module work.xpm_fifo_base(COMMON_CLOCK=0,FIF...
Compiling module work.xpm_fifo_async(FIFO_MEMORY_TYPE=...
Compiling module work.xpm_memory_base(MEMORY_TYPE=1,ME...
Compiling module work.xpm_fifo_base(COMMON_CLOCK=0,FIF...
Compiling module work.xpm_fifo_async(FIFO_MEMORY_TYPE=...
Compiling module work.xpm_fifo_base(COMMON_CLOCK=0,FIF...
Compiling module work.xpm_fifo_async(FIFO_MEMORY_TYPE=...
Compiling module work.xpm_memory_base(MEMORY_TYPE=1,ME...
Compiling module work.xpm_fifo_base(COMMON_CLOCK=0,FIF...
Compiling module work.xpm_fifo_async(FIFO_MEMORY_TYPE=...
Compiling module work.S_SYNCER_for_S_SYNCER_for_S_SYNC...
Compiling module work.xpm_fifo_base(FIFO_MEMORY_TYPE=2...
Compiling module work.xpm_fifo_sync(FIFO_MEMORY_TYPE="...
Compiling module work.xpm_fifo_base(FIFO_MEMORY_TYPE=1...
Compiling module work.xpm_fifo_sync(FIFO_MEMORY_TYPE="...
Compiling module work.xpm_fifo_base(COMMON_CLOCK=0,FIF...
Compiling module work.xpm_fifo_async(FIFO_MEMORY_TYPE=...
Compiling module work.xpm_fifo_base(COMMON_CLOCK=0,FIF...
Compiling module work.xpm_fifo_async(FIFO_MEMORY_TYPE=...
Compiling module work.xpm_memory_base(MEMORY_TYPE=1,ME...
Compiling module work.xpm_fifo_base(COMMON_CLOCK=0,FIF...
Compiling module work.xpm_fifo_async(FIFO_MEMORY_TYPE=...
Compiling module work.xpm_fifo_base(COMMON_CLOCK=0,FIF...
Compiling module work.xpm_fifo_async(FIFO_MEMORY_TYPE=...
Compiling module work.xpm_fifo_base(COMMON_CLOCK=0,FIF...
Compiling module work.xpm_fifo_async(FIFO_MEMORY_TYPE=...
Compiling module work.xpm_counter_updn(COUNTER_WIDTH=8...
Compiling module work.xpm_counter_updn(COUNTER_WIDTH=7...
Compiling module work.xpm_counter_updn(COUNTER_WIDTH=7...
Compiling module work.xpm_memory_base(MEMORY_TYPE=1,ME...
Compiling module work.xpm_cdc_gray(DEST_SYNC_FF=2,INIT...
Compiling module work.xpm_fifo_reg_vec(REG_WIDTH=7)
Compiling module work.xpm_fifo_base(COMMON_CLOCK=0,FIF...
Compiling module work.xpm_fifo_async(FIFO_MEMORY_TYPE=...
Compiling module work.xpm_fifo_base(COMMON_CLOCK=0,FIF...
Compiling module work.xpm_fifo_async(FIFO_MEMORY_TYPE=...
Compiling module work.xpm_fifo_base(COMMON_CLOCK=0,FIF...
Compiling module work.xpm_fifo_async(FIFO_MEMORY_TYPE=...
Compiling module work.S_SYNCER_for_S_SYNCER_for_MyDepa...
Compiling module work.xpm_fifo_base(FIFO_MEMORY_TYPE=2...
Compiling module work.xpm_fifo_sync(FIFO_MEMORY_TYPE="...
Compiling module work.xpm_fifo_base(FIFO_MEMORY_TYPE=1...
Compiling module work.xpm_fifo_sync(FIFO_MEMORY_TYPE="...
Compiling module work.xpm_fifo_base(COMMON_CLOCK=0,FIF...
Compiling module work.xpm_fifo_async(FIFO_MEMORY_TYPE=...
Compiling module work.xpm_fifo_base(COMMON_CLOCK=0,FIF...
Compiling module work.xpm_fifo_async(FIFO_MEMORY_TYPE=...
Compiling module work.S_SYNCER_for_MyDeparser
Compiling module work.xpm_memory_base(MEMORY_TYPE=1,ME...
Compiling module work.xpm_fifo_base(FIFO_MEMORY_TYPE=2...
Compiling module work.xpm_fifo_sync(FIFO_MEMORY_TYPE="...
Compiling module work.xpm_fifo_base(COMMON_CLOCK=0,FIF...
Compiling module work.xpm_fifo_async(FIFO_MEMORY_TYPE=...
Compiling module work.S_SYNCER_for__OUT_
Compiling module work.S_CONTROLLER_SimpleSumeSwitch
Compiling module work.SimpleSumeSwitch
Compiling module work.TB_System_Stim
Compiling module work.Check
Compiling module work.SimpleSumeSwitch_tb
Compiling module work.glbl
Built simulation snapshot work.SimpleSumeSwitch_tb#work.glbl
